This is pdfTeX, Version 3.141592653-2.6-1.40.23 (TeX Live 2022/dev) (preloaded format=pdflatex 2021.12.8)  24 JAN 2022 22:44
entering extended mode
 \write18 enabled.
 %&-line parsing enabled.
**JDSSV_manuscript_submitted.tex
(./JDSSV_manuscript_submitted.tex
LaTeX2e <2021-11-15> patch level 1
L3 programming layer <2021-11-22> (./jdssv.cls
Document Class: jdssv 2021/02/12 1.3 jdssv class by Stefan Van Aelst and Patrick Groenen
(/Users/awilhelm/Library/TinyTeX/texmf-dist/tex/latex/base/article.cls
Document Class: article 2021/10/04 v1.4n Standard LaTeX document class
(/Users/awilhelm/Library/TinyTeX/texmf-dist/tex/latex/base/size12.clo
File: size12.clo 2021/10/04 v1.4n Standard LaTeX file (size option)
)
\c@part=\count183
\c@section=\count184
\c@subsection=\count185
\c@subsubsection=\count186
\c@paragraph=\count187
\c@subparagraph=\count188
\c@figure=\count189
\c@table=\count190
\abovecaptionskip=\skip47
\belowcaptionskip=\skip48
\bibindent=\dimen138
) (/Users/awilhelm/Library/TinyTeX/texmf-dist/tex/latex/graphics/graphicx.sty
Package: graphicx 2021/09/16 v1.2d Enhanced LaTeX Graphics (DPC,SPQR)
 (/Users/awilhelm/Library/TinyTeX/texmf-dist/tex/latex/graphics/keyval.sty
Package: keyval 2014/10/28 v1.15 key=value parser (DPC)
\KV@toks@=\toks16
) (/Users/awilhelm/Library/TinyTeX/texmf-dist/tex/latex/graphics/graphics.sty
Package: graphics 2021/03/04 v1.4d Standard LaTeX Graphics (DPC,SPQR)
 (/Users/awilhelm/Library/TinyTeX/texmf-dist/tex/latex/graphics/trig.sty
Package: trig 2021/08/11 v1.11 sin cos tan (DPC)
) (/Users/awilhelm/Library/TinyTeX/texmf-dist/tex/latex/graphics-cfg/graphics.cfg
File: graphics.cfg 2016/06/04 v1.11 sample graphics configuration
)
Package graphics Info: Driver file: pdftex.def on input line 107.
 (/Users/awilhelm/Library/TinyTeX/texmf-dist/tex/latex/graphics-def/pdftex.def
File: pdftex.def 2020/10/05 v1.2a Graphics/color driver for pdftex
))
\Gin@req@height=\dimen139
\Gin@req@width=\dimen140
) (/Users/awilhelm/Library/TinyTeX/texmf-dist/tex/latex/xcolor/xcolor.sty
Package: xcolor 2021/10/31 v2.13 LaTeX color extensions (UK)
 (/Users/awilhelm/Library/TinyTeX/texmf-dist/tex/latex/graphics-cfg/color.cfg
File: color.cfg 2016/01/02 v1.6 sample color configuration
)
Package xcolor Info: Driver file: pdftex.def on input line 227.
Package xcolor Info: Model `cmy' substituted by `cmy0' on input line 1352.
Package xcolor Info: Model `hsb' substituted by `rgb' on input line 1356.
Package xcolor Info: Model `RGB' extended on input line 1368.
Package xcolor Info: Model `HTML' substituted by `rgb' on input line 1370.
Package xcolor Info: Model `Hsb' substituted by `hsb' on input line 1371.
Package xcolor Info: Model `tHsb' substituted by `hsb' on input line 1372.
Package xcolor Info: Model `HSB' substituted by `hsb' on input line 1373.
Package xcolor Info: Model `Gray' substituted by `gray' on input line 1374.
Package xcolor Info: Model `wave' substituted by `hsb' on input line 1375.
) (/Users/awilhelm/Library/TinyTeX/texmf-dist/tex/latex/ae/ae.sty
Package: ae 2001/02/12 1.3 Almost European Computer Modern
 (/Users/awilhelm/Library/TinyTeX/texmf-dist/tex/latex/base/fontenc.sty
Package: fontenc 2021/04/29 v2.0v Standard LaTeX package
)) (/Users/awilhelm/Library/TinyTeX/texmf-dist/tex/latex/fancyvrb/fancyvrb.sty
Package: fancyvrb 2021/11/24\nobreakspace {} 4.1a\nobreakspace {}verbatim text (tvz,hv)
\FV@CodeLineNo=\count191
\FV@InFile=\read2
\FV@TabBox=\box50
\c@FancyVerbLine=\count192
\FV@StepNumber=\count193
\FV@OutFile=\write3
) (/Users/awilhelm/Library/TinyTeX/texmf-dist/tex/latex/base/fontenc.sty
Package: fontenc 2021/04/29 v2.0v Standard LaTeX package
LaTeX Font Info:    Trying to load font information for T1+aer on input line 112.
 (/Users/awilhelm/Library/TinyTeX/texmf-dist/tex/latex/ae/t1aer.fd
File: t1aer.fd 1997/11/16 Font definitions for T1/aer.
)) (/Users/awilhelm/Library/TinyTeX/texmf-dist/tex/latex/natbib/natbib.sty
Package: natbib 2010/09/13 8.31b (PWD, AO)
\bibhang=\skip49
\bibsep=\skip50
LaTeX Info: Redefining \cite on input line 694.
\c@NAT@ctr=\count194
)
\footerskip=\skip51
 (/Users/awilhelm/Library/TinyTeX/texmf-dist/tex/latex/hyperref/hyperref.sty
Package: hyperref 2021-06-07 v7.00m Hypertext links for LaTeX
 (/Users/awilhelm/Library/TinyTeX/texmf-dist/tex/generic/ltxcmds/ltxcmds.sty
Package: ltxcmds 2020-05-10 v1.25 LaTeX kernel commands for general use (HO)
) (/Users/awilhelm/Library/TinyTeX/texmf-dist/tex/generic/iftex/iftex.sty
Package: iftex 2020/03/06 v1.0d TeX engine tests
) (/Users/awilhelm/Library/TinyTeX/texmf-dist/tex/generic/pdftexcmds/pdftexcmds.sty
Package: pdftexcmds 2020-06-27 v0.33 Utility functions of pdfTeX for LuaTeX (HO)
 (/Users/awilhelm/Library/TinyTeX/texmf-dist/tex/generic/infwarerr/infwarerr.sty
Package: infwarerr 2019/12/03 v1.5 Providing info/warning/error messages (HO)
)
Package pdftexcmds Info: \pdf@primitive is available.
Package pdftexcmds Info: \pdf@ifprimitive is available.
Package pdftexcmds Info: \pdfdraftmode found.
) (/Users/awilhelm/Library/TinyTeX/texmf-dist/tex/generic/kvsetkeys/kvsetkeys.sty
Package: kvsetkeys 2019/12/15 v1.18 Key value parser (HO)
) (/Users/awilhelm/Library/TinyTeX/texmf-dist/tex/generic/kvdefinekeys/kvdefinekeys.sty
Package: kvdefinekeys 2019-12-19 v1.6 Define keys (HO)
) (/Users/awilhelm/Library/TinyTeX/texmf-dist/tex/generic/pdfescape/pdfescape.sty
Package: pdfescape 2019/12/09 v1.15 Implements pdfTeX's escape features (HO)
) (/Users/awilhelm/Library/TinyTeX/texmf-dist/tex/latex/hycolor/hycolor.sty
Package: hycolor 2020-01-27 v1.10 Color options for hyperref/bookmark (HO)
) (/Users/awilhelm/Library/TinyTeX/texmf-dist/tex/latex/letltxmacro/letltxmacro.sty
Package: letltxmacro 2019/12/03 v1.6 Let assignment for LaTeX macros (HO)
) (/Users/awilhelm/Library/TinyTeX/texmf-dist/tex/latex/auxhook/auxhook.sty
Package: auxhook 2019-12-17 v1.6 Hooks for auxiliary files (HO)
) (/Users/awilhelm/Library/TinyTeX/texmf-dist/tex/latex/kvoptions/kvoptions.sty
Package: kvoptions 2020-10-07 v3.14 Key value format for package options (HO)
)
\@linkdim=\dimen141
\Hy@linkcounter=\count195
\Hy@pagecounter=\count196
 (/Users/awilhelm/Library/TinyTeX/texmf-dist/tex/latex/hyperref/pd1enc.def
File: pd1enc.def 2021-06-07 v7.00m Hyperref: PDFDocEncoding definition (HO)
Now handling font encoding PD1 ...
... no UTF-8 mapping file for font encoding PD1
) (/Users/awilhelm/Library/TinyTeX/texmf-dist/tex/latex/hyperref/hyperref-langpatches.def
File: hyperref-langpatches.def 2021-06-07 v7.00m Hyperref: patches for babel languages
) (/Users/awilhelm/Library/TinyTeX/texmf-dist/tex/generic/intcalc/intcalc.sty
Package: intcalc 2019/12/15 v1.3 Expandable calculations with integers (HO)
) (/Users/awilhelm/Library/TinyTeX/texmf-dist/tex/generic/etexcmds/etexcmds.sty
Package: etexcmds 2019/12/15 v1.7 Avoid name clashes with e-TeX commands (HO)
)
\Hy@SavedSpaceFactor=\count197
 (/Users/awilhelm/Library/TinyTeX/texmf-dist/tex/latex/hyperref/puenc.def
File: puenc.def 2021-06-07 v7.00m Hyperref: PDF Unicode definition (HO)
Now handling font encoding PU ...
... no UTF-8 mapping file for font encoding PU
)
Package hyperref Info: Hyper figures OFF on input line 4192.
Package hyperref Info: Link nesting OFF on input line 4197.
Package hyperref Info: Hyper index ON on input line 4200.
Package hyperref Info: Plain pages OFF on input line 4207.
Package hyperref Info: Backreferencing OFF on input line 4212.
Package hyperref Info: Implicit mode ON; LaTeX internals redefined.
Package hyperref Info: Bookmarks ON on input line 4445.
\c@Hy@tempcnt=\count198
 (/Users/awilhelm/Library/TinyTeX/texmf-dist/tex/latex/url/url.sty
\Urlmuskip=\muskip16
Package: url 2013/09/16  ver 3.4  Verb mode for urls, etc.
)
LaTeX Info: Redefining \url on input line 4804.
\XeTeXLinkMargin=\dimen142
 (/Users/awilhelm/Library/TinyTeX/texmf-dist/tex/generic/bitset/bitset.sty
Package: bitset 2019/12/09 v1.3 Handle bit-vector datatype (HO)
 (/Users/awilhelm/Library/TinyTeX/texmf-dist/tex/generic/bigintcalc/bigintcalc.sty
Package: bigintcalc 2019/12/15 v1.5 Expandable calculations on big integers (HO)
))
\Fld@menulength=\count199
\Field@Width=\dimen143
\Fld@charsize=\dimen144
Package hyperref Info: Hyper figures OFF on input line 6076.
Package hyperref Info: Link nesting OFF on input line 6081.
Package hyperref Info: Hyper index ON on input line 6084.
Package hyperref Info: backreferencing OFF on input line 6091.
Package hyperref Info: Link coloring OFF on input line 6096.
Package hyperref Info: Link coloring with OCG OFF on input line 6101.
Package hyperref Info: PDF/A mode OFF on input line 6106.
LaTeX Info: Redefining \ref on input line 6146.
LaTeX Info: Redefining \pageref on input line 6150.
 (/Users/awilhelm/Library/TinyTeX/texmf-dist/tex/latex/base/atbegshi-ltx.sty
Package: atbegshi-ltx 2021/01/10 v1.0c Emulation of the original atbegshi
package with kernel methods
)
\Hy@abspage=\count266
\c@Item=\count267
\c@Hfootnote=\count268
)
Package hyperref Info: Driver (autodetected): hpdftex.
 (/Users/awilhelm/Library/TinyTeX/texmf-dist/tex/latex/hyperref/hpdftex.def
File: hpdftex.def 2021-06-07 v7.00m Hyperref driver for pdfTeX
 (/Users/awilhelm/Library/TinyTeX/texmf-dist/tex/latex/base/atveryend-ltx.sty
Package: atveryend-ltx 2020/08/19 v1.0a Emulation of the original atveryend package
with kernel methods
)
\Fld@listcount=\count269
\c@bookmark@seq@number=\count270
 (/Users/awilhelm/Library/TinyTeX/texmf-dist/tex/latex/rerunfilecheck/rerunfilecheck.sty
Package: rerunfilecheck 2019/12/05 v1.9 Rerun checks for auxiliary files (HO)
 (/Users/awilhelm/Library/TinyTeX/texmf-dist/tex/generic/uniquecounter/uniquecounter.sty
Package: uniquecounter 2019/12/15 v1.4 Provide unlimited unique counter (HO)
)
Package uniquecounter Info: New unique counter `rerunfilecheck' on input line 286.
)
\Hy@SectionHShift=\skip52
)
\preXLskip=\skip53
\preLskip=\skip54
\preMskip=\skip55
\preSskip=\skip56
\postMskip=\skip57
\postSskip=\skip58


Package hyperref Warning: Option `hyperindex' has already been used,
(hyperref)                setting the option has no effect on input line 484.

Package hyperref Info: Option `colorlinks' set `true' on input line 484.
Package hyperref Info: Option `linktocpage' set `true' on input line 484.
Package hyperref Info: Option `plainpages' set `false' on input line 484.
) (/Users/awilhelm/Library/TinyTeX/texmf-dist/tex/latex/framed/framed.sty
Package: framed 2011/10/22 v 0.96: framed or shaded text with page breaks
\OuterFrameSep=\skip59
\fb@frw=\dimen145
\fb@frh=\dimen146
\FrameRule=\dimen147
\FrameSep=\dimen148
) (/Users/awilhelm/Library/TinyTeX/texmf-dist/tex/latex/base/alltt.sty
Package: alltt 2021/01/29 v2.0g defines alltt environment
) (./thumbpdf.sty
Package: thumbpdf 2018/09/07 v3.17 Inclusion of thumbnails (HO)
THUMBPDF: Compressed PDF objects of PDF 1.5 are not supported
) (/Users/awilhelm/Library/TinyTeX/texmf-dist/tex/latex/lm/lmodern.sty
Package: lmodern 2015/05/01 v1.6.1 Latin Modern Fonts
LaTeX Font Info:    Overwriting symbol font `operators' in version `normal'
(Font)                  OT1/cmr/m/n --> OT1/lmr/m/n on input line 22.
LaTeX Font Info:    Overwriting symbol font `letters' in version `normal'
(Font)                  OML/cmm/m/it --> OML/lmm/m/it on input line 23.
LaTeX Font Info:    Overwriting symbol font `symbols' in version `normal'
(Font)                  OMS/cmsy/m/n --> OMS/lmsy/m/n on input line 24.
LaTeX Font Info:    Overwriting symbol font `largesymbols' in version `normal'
(Font)                  OMX/cmex/m/n --> OMX/lmex/m/n on input line 25.
LaTeX Font Info:    Overwriting symbol font `operators' in version `bold'
(Font)                  OT1/cmr/bx/n --> OT1/lmr/bx/n on input line 26.
LaTeX Font Info:    Overwriting symbol font `letters' in version `bold'
(Font)                  OML/cmm/b/it --> OML/lmm/b/it on input line 27.
LaTeX Font Info:    Overwriting symbol font `symbols' in version `bold'
(Font)                  OMS/cmsy/b/n --> OMS/lmsy/b/n on input line 28.
LaTeX Font Info:    Overwriting symbol font `largesymbols' in version `bold'
(Font)                  OMX/cmex/m/n --> OMX/lmex/m/n on input line 29.
LaTeX Font Info:    Overwriting math alphabet `\mathbf' in version `normal'
(Font)                  OT1/cmr/bx/n --> OT1/lmr/bx/n on input line 31.
LaTeX Font Info:    Overwriting math alphabet `\mathsf' in version `normal'
(Font)                  OT1/cmss/m/n --> OT1/lmss/m/n on input line 32.
LaTeX Font Info:    Overwriting math alphabet `\mathit' in version `normal'
(Font)                  OT1/cmr/m/it --> OT1/lmr/m/it on input line 33.
LaTeX Font Info:    Overwriting math alphabet `\mathtt' in version `normal'
(Font)                  OT1/cmtt/m/n --> OT1/lmtt/m/n on input line 34.
LaTeX Font Info:    Overwriting math alphabet `\mathbf' in version `bold'
(Font)                  OT1/cmr/bx/n --> OT1/lmr/bx/n on input line 35.
LaTeX Font Info:    Overwriting math alphabet `\mathsf' in version `bold'
(Font)                  OT1/cmss/bx/n --> OT1/lmss/bx/n on input line 36.
LaTeX Font Info:    Overwriting math alphabet `\mathit' in version `bold'
(Font)                  OT1/cmr/bx/it --> OT1/lmr/bx/it on input line 37.
LaTeX Font Info:    Overwriting math alphabet `\mathtt' in version `bold'
(Font)                  OT1/cmtt/m/n --> OT1/lmtt/m/n on input line 38.
) (/Users/awilhelm/Library/TinyTeX/texmf-dist/tex/latex/tools/bm.sty
Package: bm 2021/04/25 v1.2e Bold Symbol Support (DPC/FMi)
\symboldoperators=\mathgroup4
\symboldletters=\mathgroup5
\symboldsymbols=\mathgroup6
Package bm Info: No bold for \OMX/lmex/m/n, using \pmb.
LaTeX Font Info:    Redeclaring math alphabet \mathbf on input line 149.
) (./todonotes.sty
Package: todonotes 2021/06/04 v1.1.5 Todonotes source and documentation.
Package: todonotes 2021/06/04
 (/Users/awilhelm/Library/TinyTeX/texmf-dist/tex/latex/base/ifthen.sty
Package: ifthen 2020/11/24 v1.1c Standard LaTeX ifthen package (DPC)
) (/Users/awilhelm/Library/TinyTeX/texmf-dist/tex/latex/xkeyval/xkeyval.sty
Package: xkeyval 2020/11/20 v2.8 package option processing (HA)
 (/Users/awilhelm/Library/TinyTeX/texmf-dist/tex/generic/xkeyval/xkeyval.tex (/Users/awilhelm/Library/TinyTeX/texmf-dist/tex/generic/xkeyval/xkvutils.tex
\XKV@toks=\toks17
\XKV@tempa@toks=\toks18
)
\XKV@depth=\count271
File: xkeyval.tex 2014/12/03 v2.7a key=value parser (HA)
)) (./tikz.sty (/Users/awilhelm/Library/TinyTeX/texmf-dist/tex/latex/pgf/basiclayer/pgf.sty (./pgfrcs.sty (./pgfutil-common.tex
\pgfutil@everybye=\toks19
\pgfutil@tempdima=\dimen149
\pgfutil@tempdimb=\dimen150
 (./pgfutil-common-lists.tex)) (./pgfutil-latex.def
\pgfutil@abb=\box51
) (./pgfrcs.code.tex (/Users/awilhelm/Library/TinyTeX/texmf-dist/tex/generic/pgf/pgf.revision.tex)
Package: pgfrcs 2021/05/15 v3.1.9a (3.1.9a)
))
Package: pgf 2021/05/15 v3.1.9a (3.1.9a)
 (/Users/awilhelm/Library/TinyTeX/texmf-dist/tex/latex/pgf/basiclayer/pgfcore.sty (./pgfsys.sty (./pgfsys.code.tex
Package: pgfsys 2021/05/15 v3.1.9a (3.1.9a)
 (./pgfkeys.code.tex
\pgfkeys@pathtoks=\toks20
\pgfkeys@temptoks=\toks21
 (./pgfkeysfiltered.code.tex
\pgfkeys@tmptoks=\toks22
))
\pgf@x=\dimen151
\pgf@y=\dimen152
\pgf@xa=\dimen153
\pgf@ya=\dimen154
\pgf@xb=\dimen155
\pgf@yb=\dimen156
\pgf@xc=\dimen157
\pgf@yc=\dimen158
\pgf@xd=\dimen159
\pgf@yd=\dimen160
\w@pgf@writea=\write4
\r@pgf@reada=\read3
\c@pgf@counta=\count272
\c@pgf@countb=\count273
\c@pgf@countc=\count274
\c@pgf@countd=\count275
\t@pgf@toka=\toks23
\t@pgf@tokb=\toks24
\t@pgf@tokc=\toks25
\pgf@sys@id@count=\count276
 (./pgf.cfg
File: pgf.cfg 2021/05/15 v3.1.9a (3.1.9a)
)
Driver file for pgf: pgfsys-pdftex.def
 (./pgfsys-pdftex.def
File: pgfsys-pdftex.def 2021/05/15 v3.1.9a (3.1.9a)
 (./pgfsys-common-pdf.def
File: pgfsys-common-pdf.def 2021/05/15 v3.1.9a (3.1.9a)
))) (./pgfsyssoftpath.code.tex
File: pgfsyssoftpath.code.tex 2021/05/15 v3.1.9a (3.1.9a)
\pgfsyssoftpath@smallbuffer@items=\count277
\pgfsyssoftpath@bigbuffer@items=\count278
) (./pgfsysprotocol.code.tex
File: pgfsysprotocol.code.tex 2021/05/15 v3.1.9a (3.1.9a)
)) (./pgfcore.code.tex
Package: pgfcore 2021/05/15 v3.1.9a (3.1.9a)
 (./pgfmath.code.tex (./pgfmathcalc.code.tex (/Users/awilhelm/Library/TinyTeX/texmf-dist/tex/generic/pgf/math/pgfmathutil.code.tex) (/Users/awilhelm/Library/TinyTeX/texmf-dist/tex/generic/pgf/math/pgfmathparser.code.tex
\pgfmath@dimen=\dimen161
\pgfmath@count=\count279
\pgfmath@box=\box52
\pgfmath@toks=\toks26
\pgfmath@stack@operand=\toks27
\pgfmath@stack@operation=\toks28
) (/Users/awilhelm/Library/TinyTeX/texmf-dist/tex/generic/pgf/math/pgfmathfunctions.code.tex (/Users/awilhelm/Library/TinyTeX/texmf-dist/tex/generic/pgf/math/pgfmathfunctions.basic.code.tex) (/Users/awilhelm/Library/TinyTeX/texmf-dist/tex/generic/pgf/math/pgfmathfunctions.trigonometric.code.tex) (/Users/awilhelm/Library/TinyTeX/texmf-dist/tex/generic/pgf/math/pgfmathfunctions.random.code.tex) (/Users/awilhelm/Library/TinyTeX/texmf-dist/tex/generic/pgf/math/pgfmathfunctions.comparison.code.tex) (/Users/awilhelm/Library/TinyTeX/texmf-dist/tex/generic/pgf/math/pgfmathfunctions.base.code.tex) (/Users/awilhelm/Library/TinyTeX/texmf-dist/tex/generic/pgf/math/pgfmathfunctions.round.code.tex) (/Users/awilhelm/Library/TinyTeX/texmf-dist/tex/generic/pgf/math/pgfmathfunctions.misc.code.tex) (/Users/awilhelm/Library/TinyTeX/texmf-dist/tex/generic/pgf/math/pgfmathfunctions.integerarithmetics.code.tex))) (/Users/awilhelm/Library/TinyTeX/texmf-dist/tex/generic/pgf/math/pgfmathfloat.code.tex
\c@pgfmathroundto@lastzeros=\count280
)) (/Users/awilhelm/Library/TinyTeX/texmf-dist/tex/generic/pgf/math/pgfint.code.tex) (/Users/awilhelm/Library/TinyTeX/texmf-dist/tex/generic/pgf/basiclayer/pgfcorepoints.code.tex
File: pgfcorepoints.code.tex 2021/05/15 v3.1.9a (3.1.9a)
\pgf@picminx=\dimen162
\pgf@picmaxx=\dimen163
\pgf@picminy=\dimen164
\pgf@picmaxy=\dimen165
\pgf@pathminx=\dimen166
\pgf@pathmaxx=\dimen167
\pgf@pathminy=\dimen168
\pgf@pathmaxy=\dimen169
\pgf@xx=\dimen170
\pgf@xy=\dimen171
\pgf@yx=\dimen172
\pgf@yy=\dimen173
\pgf@zx=\dimen174
\pgf@zy=\dimen175
) (/Users/awilhelm/Library/TinyTeX/texmf-dist/tex/generic/pgf/basiclayer/pgfcorepathconstruct.code.tex
File: pgfcorepathconstruct.code.tex 2021/05/15 v3.1.9a (3.1.9a)
\pgf@path@lastx=\dimen176
\pgf@path@lasty=\dimen177
) (/Users/awilhelm/Library/TinyTeX/texmf-dist/tex/generic/pgf/basiclayer/pgfcorepathusage.code.tex
File: pgfcorepathusage.code.tex 2021/05/15 v3.1.9a (3.1.9a)
\pgf@shorten@end@additional=\dimen178
\pgf@shorten@start@additional=\dimen179
) (/Users/awilhelm/Library/TinyTeX/texmf-dist/tex/generic/pgf/basiclayer/pgfcorescopes.code.tex
File: pgfcorescopes.code.tex 2021/05/15 v3.1.9a (3.1.9a)
\pgfpic=\box53
\pgf@hbox=\box54
\pgf@layerbox@main=\box55
\pgf@picture@serial@count=\count281
) (/Users/awilhelm/Library/TinyTeX/texmf-dist/tex/generic/pgf/basiclayer/pgfcoregraphicstate.code.tex
File: pgfcoregraphicstate.code.tex 2021/05/15 v3.1.9a (3.1.9a)
\pgflinewidth=\dimen180
) (/Users/awilhelm/Library/TinyTeX/texmf-dist/tex/generic/pgf/basiclayer/pgfcoretransformations.code.tex
File: pgfcoretransformations.code.tex 2021/05/15 v3.1.9a (3.1.9a)
\pgf@pt@x=\dimen181
\pgf@pt@y=\dimen182
\pgf@pt@temp=\dimen183
) (/Users/awilhelm/Library/TinyTeX/texmf-dist/tex/generic/pgf/basiclayer/pgfcorequick.code.tex
File: pgfcorequick.code.tex 2021/05/15 v3.1.9a (3.1.9a)
) (/Users/awilhelm/Library/TinyTeX/texmf-dist/tex/generic/pgf/basiclayer/pgfcoreobjects.code.tex
File: pgfcoreobjects.code.tex 2021/05/15 v3.1.9a (3.1.9a)
) (/Users/awilhelm/Library/TinyTeX/texmf-dist/tex/generic/pgf/basiclayer/pgfcorepathprocessing.code.tex
File: pgfcorepathprocessing.code.tex 2021/05/15 v3.1.9a (3.1.9a)
) (/Users/awilhelm/Library/TinyTeX/texmf-dist/tex/generic/pgf/basiclayer/pgfcorearrows.code.tex
File: pgfcorearrows.code.tex 2021/05/15 v3.1.9a (3.1.9a)
\pgfarrowsep=\dimen184
) (/Users/awilhelm/Library/TinyTeX/texmf-dist/tex/generic/pgf/basiclayer/pgfcoreshade.code.tex
File: pgfcoreshade.code.tex 2021/05/15 v3.1.9a (3.1.9a)
\pgf@max=\dimen185
\pgf@sys@shading@range@num=\count282
\pgf@shadingcount=\count283
) (/Users/awilhelm/Library/TinyTeX/texmf-dist/tex/generic/pgf/basiclayer/pgfcoreimage.code.tex
File: pgfcoreimage.code.tex 2021/05/15 v3.1.9a (3.1.9a)
 (/Users/awilhelm/Library/TinyTeX/texmf-dist/tex/generic/pgf/basiclayer/pgfcoreexternal.code.tex
File: pgfcoreexternal.code.tex 2021/05/15 v3.1.9a (3.1.9a)
\pgfexternal@startupbox=\box56
)) (/Users/awilhelm/Library/TinyTeX/texmf-dist/tex/generic/pgf/basiclayer/pgfcorelayers.code.tex
File: pgfcorelayers.code.tex 2021/05/15 v3.1.9a (3.1.9a)
) (/Users/awilhelm/Library/TinyTeX/texmf-dist/tex/generic/pgf/basiclayer/pgfcoretransparency.code.tex
File: pgfcoretransparency.code.tex 2021/05/15 v3.1.9a (3.1.9a)
) (/Users/awilhelm/Library/TinyTeX/texmf-dist/tex/generic/pgf/basiclayer/pgfcorepatterns.code.tex
File: pgfcorepatterns.code.tex 2021/05/15 v3.1.9a (3.1.9a)
) (/Users/awilhelm/Library/TinyTeX/texmf-dist/tex/generic/pgf/basiclayer/pgfcorerdf.code.tex
File: pgfcorerdf.code.tex 2021/05/15 v3.1.9a (3.1.9a)
))) (/Users/awilhelm/Library/TinyTeX/texmf-dist/tex/generic/pgf/modules/pgfmoduleshapes.code.tex
File: pgfmoduleshapes.code.tex 2021/05/15 v3.1.9a (3.1.9a)
\pgfnodeparttextbox=\box57
) (/Users/awilhelm/Library/TinyTeX/texmf-dist/tex/generic/pgf/modules/pgfmoduleplot.code.tex
File: pgfmoduleplot.code.tex 2021/05/15 v3.1.9a (3.1.9a)
) (/Users/awilhelm/Library/TinyTeX/texmf-dist/tex/latex/pgf/compatibility/pgfcomp-version-0-65.sty
Package: pgfcomp-version-0-65 2021/05/15 v3.1.9a (3.1.9a)
\pgf@nodesepstart=\dimen186
\pgf@nodesepend=\dimen187
) (/Users/awilhelm/Library/TinyTeX/texmf-dist/tex/latex/pgf/compatibility/pgfcomp-version-1-18.sty
Package: pgfcomp-version-1-18 2021/05/15 v3.1.9a (3.1.9a)
)) (/Users/awilhelm/Library/TinyTeX/texmf-dist/tex/latex/pgf/utilities/pgffor.sty (/Users/awilhelm/Library/TinyTeX/texmf-dist/tex/latex/pgf/utilities/pgfkeys.sty (./pgfkeys.code.tex)) (/Users/awilhelm/Library/TinyTeX/texmf-dist/tex/latex/pgf/math/pgfmath.sty (./pgfmath.code.tex)) (/Users/awilhelm/Library/TinyTeX/texmf-dist/tex/generic/pgf/utilities/pgffor.code.tex
Package: pgffor 2021/05/15 v3.1.9a (3.1.9a)
 (./pgfmath.code.tex)
\pgffor@iter=\dimen188
\pgffor@skip=\dimen189
\pgffor@stack=\toks29
\pgffor@toks=\toks30
)) (/Users/awilhelm/Library/TinyTeX/texmf-dist/tex/generic/pgf/frontendlayer/tikz/tikz.code.tex
Package: tikz 2021/05/15 v3.1.9a (3.1.9a)
 (/Users/awilhelm/Library/TinyTeX/texmf-dist/tex/generic/pgf/libraries/pgflibraryplothandlers.code.tex
File: pgflibraryplothandlers.code.tex 2021/05/15 v3.1.9a (3.1.9a)
\pgf@plot@mark@count=\count284
\pgfplotmarksize=\dimen190
)
\tikz@lastx=\dimen191
\tikz@lasty=\dimen192
\tikz@lastxsaved=\dimen193
\tikz@lastysaved=\dimen194
\tikz@lastmovetox=\dimen195
\tikz@lastmovetoy=\dimen196
\tikzleveldistance=\dimen197
\tikzsiblingdistance=\dimen198
\tikz@figbox=\box58
\tikz@figbox@bg=\box59
\tikz@tempbox=\box60
\tikz@tempbox@bg=\box61
\tikztreelevel=\count285
\tikznumberofchildren=\count286
\tikznumberofcurrentchild=\count287
\tikz@fig@count=\count288
 (/Users/awilhelm/Library/TinyTeX/texmf-dist/tex/generic/pgf/modules/pgfmodulematrix.code.tex
File: pgfmodulematrix.code.tex 2021/05/15 v3.1.9a (3.1.9a)
\pgfmatrixcurrentrow=\count289
\pgfmatrixcurrentcolumn=\count290
\pgf@matrix@numberofcolumns=\count291
)
\tikz@expandcount=\count292
 (/Users/awilhelm/Library/TinyTeX/texmf-dist/tex/generic/pgf/frontendlayer/tikz/libraries/tikzlibrarytopaths.code.tex
File: tikzlibrarytopaths.code.tex 2021/05/15 v3.1.9a (3.1.9a)
))) (/Users/awilhelm/Library/TinyTeX/texmf-dist/tex/generic/pgf/frontendlayer/tikz/libraries/tikzlibrarypositioning.code.tex
File: tikzlibrarypositioning.code.tex 2021/05/15 v3.1.9a (3.1.9a)
) (/Users/awilhelm/Library/TinyTeX/texmf-dist/tex/latex/tools/calc.sty
Package: calc 2017/05/25 v4.3 Infix arithmetic (KKT,FJ)
\calc@Acount=\count293
\calc@Bcount=\count294
\calc@Adimen=\dimen199
\calc@Bdimen=\dimen256
\calc@Askip=\skip60
\calc@Bskip=\skip61
LaTeX Info: Redefining \setlength on input line 80.
LaTeX Info: Redefining \addtolength on input line 81.
\calc@Ccount=\count295
\calc@Cskip=\skip62
)
\c@@todonotes@numberoftodonotes=\count296
) (./cleveref.sty
Package: cleveref 2018/03/27 v0.21.4 Intelligent cross-referencing
Package cleveref Info: `hyperref' support loaded on input line 2370.
LaTeX Info: Redefining \cref on input line 2370.
LaTeX Info: Redefining \Cref on input line 2370.
LaTeX Info: Redefining \crefrange on input line 2370.
LaTeX Info: Redefining \Crefrange on input line 2370.
LaTeX Info: Redefining \cpageref on input line 2370.
LaTeX Info: Redefining \Cpageref on input line 2370.
LaTeX Info: Redefining \cpagerefrange on input line 2370.
LaTeX Info: Redefining \Cpagerefrange on input line 2370.
LaTeX Info: Redefining \labelcref on input line 2370.
LaTeX Info: Redefining \labelcpageref on input line 2370.
) (./subcaption.sty
Package: subcaption 2020/10/07 v1.3j Sub-captions (AR)
 (./caption.sty
Package: caption 2020/10/26 v3.5g Customizing captions (AR)
 (./caption3.sty
Package: caption3 2020/10/21 v2.2e caption3 kernel (AR)
\captionmargin=\dimen257
\captionmargin@=\dimen258
\captionwidth=\dimen259
\caption@tempdima=\dimen260
\caption@indent=\dimen261
\caption@parindent=\dimen262
\caption@hangindent=\dimen263
Package caption Info: Standard document class detected.
)
\c@caption@flags=\count297
\c@continuedfloat=\count298
Package caption Info: hyperref package is loaded.
)
\c@subfigure=\count299
\c@subtable=\count300
)
LaTeX Font Info:    Trying to load font information for T1+lmr on input line 111.
 (/Users/awilhelm/Library/TinyTeX/texmf-dist/tex/latex/lm/t1lmr.fd
File: t1lmr.fd 2015/05/01 v1.6.1 Font defs for Latin Modern
) (/Users/awilhelm/Library/TinyTeX/texmf-dist/tex/latex/l3backend/l3backend-pdftex.def
File: l3backend-pdftex.def 2021-10-18 L3 backend support: PDF output (pdfTeX)
\l__color_backend_stack_int=\count301
\l__pdf_internal_box=\box62
) (./JDSSV_manuscript_submitted.aux)
\openout1 = `JDSSV_manuscript_submitted.aux'.

LaTeX Font Info:    Checking defaults for OML/cmm/m/it on input line 111.
LaTeX Font Info:    ... okay on input line 111.
LaTeX Font Info:    Checking defaults for OMS/cmsy/m/n on input line 111.
LaTeX Font Info:    ... okay on input line 111.
LaTeX Font Info:    Checking defaults for OT1/cmr/m/n on input line 111.
LaTeX Font Info:    ... okay on input line 111.
LaTeX Font Info:    Checking defaults for T1/cmr/m/n on input line 111.
LaTeX Font Info:    ... okay on input line 111.
LaTeX Font Info:    Checking defaults for TS1/cmr/m/n on input line 111.
LaTeX Font Info:    ... okay on input line 111.
LaTeX Font Info:    Checking defaults for OMX/cmex/m/n on input line 111.
LaTeX Font Info:    ... okay on input line 111.
LaTeX Font Info:    Checking defaults for U/cmr/m/n on input line 111.
LaTeX Font Info:    ... okay on input line 111.
LaTeX Font Info:    Checking defaults for PD1/pdf/m/n on input line 111.
LaTeX Font Info:    ... okay on input line 111.
LaTeX Font Info:    Checking defaults for PU/pdf/m/n on input line 111.
LaTeX Font Info:    ... okay on input line 111.
 (/Users/awilhelm/Library/TinyTeX/texmf-dist/tex/latex/epstopdf-pkg/epstopdf-base.sty
Package: epstopdf-base 2020-01-24 v2.11 Base part for package epstopdf
Package epstopdf-base Info: Redefining graphics rule for `.eps' on input line 485.
 (/Users/awilhelm/Library/TinyTeX/texmf-dist/tex/latex/latexconfig/epstopdf-sys.cfg
File: epstopdf-sys.cfg 2010/07/13 v1.3 Configuration of (r)epstopdf for TeX Live
))
Package hyperref Info: Link coloring ON on input line 111.
 (/Users/awilhelm/Library/TinyTeX/texmf-dist/tex/latex/hyperref/nameref.sty
Package: nameref 2021-04-02 v2.47 Cross-referencing by name of section
 (/Users/awilhelm/Library/TinyTeX/texmf-dist/tex/latex/refcount/refcount.sty
Package: refcount 2019/12/15 v3.6 Data extraction from label references (HO)
) (/Users/awilhelm/Library/TinyTeX/texmf-dist/tex/generic/gettitlestring/gettitlestring.sty
Package: gettitlestring 2019/12/15 v1.6 Cleanup title references (HO)
)
\c@section@level=\count302
)
LaTeX Info: Redefining \ref on input line 111.
LaTeX Info: Redefining \pageref on input line 111.
LaTeX Info: Redefining \nameref on input line 111.
 (./JDSSV_manuscript_submitted.out) (./JDSSV_manuscript_submitted.out)
\@outlinefile=\write5
\openout5 = `JDSSV_manuscript_submitted.out'.

<JDSSVlogo.pdf, id=31, 684.5575pt x 115.43124pt>
File: JDSSVlogo.pdf Graphic file (type pdf)
<use JDSSVlogo.pdf>
Package pdftex.def Info: JDSSVlogo.pdf  used on input line 111.
(pdftex.def)             Requested size: 442.65375pt x 74.64368pt.

Underfull \hbox (badness 10000) in paragraph at lines 111--111

 []

LaTeX Font Info:    Trying to load font information for OT1+lmr on input line 111.
(/Users/awilhelm/Library/TinyTeX/texmf-dist/tex/latex/lm/ot1lmr.fd
File: ot1lmr.fd 2015/05/01 v1.6.1 Font defs for Latin Modern
)
LaTeX Font Info:    Trying to load font information for OML+lmm on input line 111.
 (/Users/awilhelm/Library/TinyTeX/texmf-dist/tex/latex/lm/omllmm.fd
File: omllmm.fd 2015/05/01 v1.6.1 Font defs for Latin Modern
)
LaTeX Font Info:    Trying to load font information for OMS+lmsy on input line 111.
 (/Users/awilhelm/Library/TinyTeX/texmf-dist/tex/latex/lm/omslmsy.fd
File: omslmsy.fd 2015/05/01 v1.6.1 Font defs for Latin Modern
)
LaTeX Font Info:    Trying to load font information for OMX+lmex on input line 111.
 (/Users/awilhelm/Library/TinyTeX/texmf-dist/tex/latex/lm/omxlmex.fd
File: omxlmex.fd 2015/05/01 v1.6.1 Font defs for Latin Modern
)
LaTeX Font Info:    External font `lmex10' loaded for size
(Font)              <12> on input line 111.
LaTeX Font Info:    External font `lmex10' loaded for size
(Font)              <8> on input line 111.
LaTeX Font Info:    External font `lmex10' loaded for size
(Font)              <6> on input line 111.
LaTeX Font Info:    Trying to load font information for T1+lmss on input line 111.
 (/Users/awilhelm/Library/TinyTeX/texmf-dist/tex/latex/lm/t1lmss.fd
File: t1lmss.fd 2015/05/01 v1.6.1 Font defs for Latin Modern
)

Package todonotes Warning: The length marginparwidth is less than 2cm and will most likely cause issues with the appearance of inserted todonotes. The issue can be solved by adding a line like \setlength {\marginparwidth }{2cm} prior to loading the todonotes package. on input line 111.

Package caption Info: Begin \AtBeginDocument code.
Package caption Info: End \AtBeginDocument code.
LaTeX Font Info:    External font `lmex10' loaded for size
(Font)              <10> on input line 133.
LaTeX Font Info:    External font `lmex10' loaded for size
(Font)              <7> on input line 133.
LaTeX Font Info:    External font `lmex10' loaded for size
(Font)              <5> on input line 133.
LaTeX Font Info:    Trying to load font information for T1+lmtt on input line 133.
(/Users/awilhelm/Library/TinyTeX/texmf-dist/tex/latex/lm/t1lmtt.fd
File: t1lmtt.fd 2015/05/01 v1.6.1 Font defs for Latin Modern
)
Overfull \hbox (100.09477pt too wide) in paragraph at lines 133--133
[][][][][]$\T1/lmtt/m/n/10 https : / / www . who . int / publications / m / item / weekly-[]epidemiological-[]update-[]on-[]covid-[]19-[]-[]-[]11-[]january-[]2022$[][]| 
 []

[1

{/Users/awilhelm/Library/TinyTeX/texmf-var/fonts/map/pdftex/updmap/pdftex.map} <./JDSSVlogo.pdf>]
Overfull \hbox (5.87498pt too wide) has occurred while \output is active
\T1/lmr/m/n/12 2 []
 []

[2]
<Figures_Web/who_totalcases_choro.png, id=108, 1640.1275pt x 991.705pt>
File: Figures_Web/who_totalcases_choro.png Graphic file (type png)
<use Figures_Web/who_totalcases_choro.png>
Package pdftex.def Info: Figures_Web/who_totalcases_choro.png  used on input line 156.
(pdftex.def)             Requested size: 433.79877pt x 262.30121pt.

Overfull \hbox (5.87498pt too wide) has occurred while \output is active
[] \T1/lmr/m/n/12 3
 []

[3]
<Figures_Web/wp_totaldeaths_propsymb.png, id=129, 1280.785pt x 764.8575pt>
File: Figures_Web/wp_totaldeaths_propsymb.png Graphic file (type png)
<use Figures_Web/wp_totaldeaths_propsymb.png>
Package pdftex.def Info: Figures_Web/wp_totaldeaths_propsymb.png  used on input line 166.
(pdftex.def)             Requested size: 433.79877pt x 259.04442pt.

Underfull \hbox (badness 1924) in paragraph at lines 167--167
[]\T1/lmr/m/n/12 Figure 2: |Pro-por-tional sym-bol map show-ing the cu-mu-lated re-ported Covid-
 []


Underfull \hbox (badness 2894) in paragraph at lines 167--167
\T1/lmr/m/n/12 19 re-lated deaths ad-justed for pop-u-la-tion world-wide by coun-try. Source:
 []


Underfull \hbox (badness 10000) in paragraph at lines 167--167
\T1/lmr/m/n/12 Wash-ing-ton Post [][]$\T1/lmtt/m/n/12 https : / / www . washingtonpost . com / graphics / 2020 / world /
 []

<Figures_Web//ft-off-charts.jpeg, id=134, 4111.36pt x 1826.825pt>
File: Figures_Web//ft-off-charts.jpeg Graphic file (type jpg)
<use Figures_Web//ft-off-charts.jpeg>
Package pdftex.def Info: Figures_Web//ft-off-charts.jpeg  used on input line 190.
(pdftex.def)             Requested size: 438.22963pt x 194.70735pt.

Underfull \vbox (badness 10000) has occurred while \output is active []


Overfull \hbox (5.87498pt too wide) has occurred while \output is active
\T1/lmr/m/n/12 4 []
 []

[4 <./Figures_Web/who_totalcases_choro.png>]
Overfull \hbox (5.87498pt too wide) has occurred while \output is active
[] \T1/lmr/m/n/12 5
 []

[5 <./Figures_Web/wp_totaldeaths_propsymb.png> <./Figures_Web//ft-off-charts.jpeg>]
<Figures_Web//wapo-covid-monitoring.png, id=151, 1241.38782pt x 235.63031pt>
File: Figures_Web//wapo-covid-monitoring.png Graphic file (type png)
<use Figures_Web//wapo-covid-monitoring.png>
Package pdftex.def Info: Figures_Web//wapo-covid-monitoring.png  used on input line 207.
(pdftex.def)             Requested size: 438.22963pt x 83.18013pt.
<Figures_Web//wapo-covid-context.png, id=157, 719.68875pt x 311.66437pt>
File: Figures_Web//wapo-covid-context.png Graphic file (type png)
<use Figures_Web//wapo-covid-context.png>
Package pdftex.def Info: Figures_Web//wapo-covid-context.png  used on input line 216.
(pdftex.def)             Requested size: 221.32687pt x 95.84454pt.

Overfull \hbox (5.87498pt too wide) has occurred while \output is active
\T1/lmr/m/n/12 6 []
 []

[6 <./Figures_Web//wapo-covid-monitoring.png (PNG copy)> <./Figures_Web//wapo-covid-context.png (PNG copy)>]
<Figures_Web//NYT-heatmap-crop.png, id=172, 461.29787pt x 453.60957pt>
File: Figures_Web//NYT-heatmap-crop.png Graphic file (type png)
<use Figures_Web//NYT-heatmap-crop.png>
Package pdftex.def Info: Figures_Web//NYT-heatmap-crop.png  used on input line 228.
(pdftex.def)             Requested size: 132.79747pt x 130.58823pt.
<Figures_Web//NYT-heatmap-crop3.png, id=173, 625.33624pt x 678.535pt>
File: Figures_Web//NYT-heatmap-crop3.png Graphic file (type png)
<use Figures_Web//NYT-heatmap-crop3.png>
Package pdftex.def Info: Figures_Web//NYT-heatmap-crop3.png  used on input line 229.
(pdftex.def)             Requested size: 132.79747pt x 144.091pt.
<Figures_Web//NYT-heatmap-crop2.png, id=174, 639.38875pt x 724.7075pt>
File: Figures_Web//NYT-heatmap-crop2.png Graphic file (type png)
<use Figures_Web//NYT-heatmap-crop2.png>
Package pdftex.def Info: Figures_Web//NYT-heatmap-crop2.png  used on input line 230.
(pdftex.def)             Requested size: 132.79747pt x 150.51222pt.
<Figures_Web//frequency-domain.png, id=178, 870.25125pt x 578.91281pt>
File: Figures_Web//frequency-domain.png Graphic file (type png)
<use Figures_Web//frequency-domain.png>
Package pdftex.def Info: Figures_Web//frequency-domain.png  used on input line 240.
(pdftex.def)             Requested size: 331.99031pt x 220.85483pt.

Underfull \vbox (badness 3536) has occurred while \output is active []


Overfull \hbox (5.87498pt too wide) has occurred while \output is active
[] \T1/lmr/m/n/12 7
 []

[7 <./Figures_Web//NYT-heatmap-crop.png> <./Figures_Web//NYT-heatmap-crop3.png (PNG copy)> <./Figures_Web//NYT-heatmap-crop2.png (PNG copy)>]
<Figures_Web//ft-waves.jpeg, id=193, 4111.36pt x 1468.48625pt>
File: Figures_Web//ft-waves.jpeg Graphic file (type jpg)
<use Figures_Web//ft-waves.jpeg>
Package pdftex.def Info: Figures_Web//ft-waves.jpeg  used on input line 248.
(pdftex.def)             Requested size: 442.65375pt x 158.10567pt.
<Figures_Web//ft-waves-linear.jpeg, id=194, 4111.36pt x 1468.48625pt>
File: Figures_Web//ft-waves-linear.jpeg Graphic file (type jpg)
<use Figures_Web//ft-waves-linear.jpeg>
Package pdftex.def Info: Figures_Web//ft-waves-linear.jpeg  used on input line 249.
(pdftex.def)             Requested size: 442.65375pt x 158.10567pt.
<Figures_Web//nyt-spiral.png, id=204, 613.54219pt x 642.90187pt>
File: Figures_Web//nyt-spiral.png Graphic file (type png)
<use Figures_Web//nyt-spiral.png>
Package pdftex.def Info: Figures_Web//nyt-spiral.png  used on input line 259.
(pdftex.def)             Requested size: 199.19283pt x 208.72481pt.
<Figures_Web//spiral-rework.jpeg, id=205, 1355.0625pt x 1806.75pt>
File: Figures_Web//spiral-rework.jpeg Graphic file (type jpg)
<use Figures_Web//spiral-rework.jpeg>
Package pdftex.def Info: Figures_Web//spiral-rework.jpeg  used on input line 259.
(pdftex.def)             Requested size: 199.19283pt x 265.56976pt.

Underfull \vbox (badness 1748) has occurred while \output is active []


Overfull \hbox (5.87498pt too wide) has occurred while \output is active
\T1/lmr/m/n/12 8 []
 []

[8 <./Figures_Web//frequency-domain.png (PNG copy)>]
Overfull \hbox (5.87498pt too wide) has occurred while \output is active
[] \T1/lmr/m/n/12 9
 []

[9 <./Figures_Web//ft-waves.jpeg> <./Figures_Web//ft-waves-linear.jpeg>]
<Figures_Web/Bar-chart-race-screenshot.png, id=225, 828.84656pt x 468.24937pt>
File: Figures_Web/Bar-chart-race-screenshot.png Graphic file (type png)
<use Figures_Web/Bar-chart-race-screenshot.png>
Package pdftex.def Info: Figures_Web/Bar-chart-race-screenshot.png  used on input line 268.
(pdftex.def)             Requested size: 354.12434pt x 200.05722pt.

Underfull \vbox (badness 4467) has occurred while \output is active []


Overfull \hbox (11.74997pt too wide) has occurred while \output is active
\T1/lmr/m/n/12 10 []
 []

[10 <./Figures_Web//nyt-spiral.png (PNG copy)> <./Figures_Web//spiral-rework.jpeg>]
<Figures_Web/BBC_flower_time_series.png, id=240, 738.50906pt x 656.4525pt>
File: Figures_Web/BBC_flower_time_series.png Graphic file (type png)
<use Figures_Web/BBC_flower_time_series.png>
Package pdftex.def Info: Figures_Web/BBC_flower_time_series.png  used on input line 278.
(pdftex.def)             Requested size: 354.12434pt x 314.77309pt.
<Figures_Web/ft_deathrates_bar.png, id=247, 1132.98282pt x 700.11563pt>
File: Figures_Web/ft_deathrates_bar.png Graphic file (type png)
<use Figures_Web/ft_deathrates_bar.png>
Package pdftex.def Info: Figures_Web/ft_deathrates_bar.png  used on input line 291.
(pdftex.def)             Requested size: 442.65375pt x 273.5354pt.
<Figures_Web/ft_deathcounts_area.png, id=248, 1150.2975pt x 775.39688pt>
File: Figures_Web/ft_deathcounts_area.png Graphic file (type png)
<use Figures_Web/ft_deathcounts_area.png>
Package pdftex.def Info: Figures_Web/ft_deathcounts_area.png  used on input line 292.
(pdftex.def)             Requested size: 442.65375pt x 298.38083pt.

Overfull \hbox (11.74997pt too wide) has occurred while \output is active
[] \T1/lmr/m/n/12 11
 []

[11 <./Figures_Web/Bar-chart-race-screenshot.png (PNG copy)>]
Overfull \hbox (11.74997pt too wide) has occurred while \output is active
\T1/lmr/m/n/12 12 []
 []

[12 <./Figures_Web/BBC_flower_time_series.png (PNG copy)>]
Overfull \hbox (11.74997pt too wide) has occurred while \output is active
[] \T1/lmr/m/n/12 13
 []

[13 <./Figures_Web/ft_deathrates_bar.png (PNG copy)> <./Figures_Web/ft_deathcounts_area.png (PNG copy)>]
<Figures_Web/Deaths-NY-TX-GA-Sweden-Federalist.jpeg, id=283, 601.0455pt x 337.86224pt>
File: Figures_Web/Deaths-NY-TX-GA-Sweden-Federalist.jpeg Graphic file (type jpg)
<use Figures_Web/Deaths-NY-TX-GA-Sweden-Federalist.jpeg>
Package pdftex.def Info: Figures_Web/Deaths-NY-TX-GA-Sweden-Federalist.jpeg  used on input line 303.
(pdftex.def)             Requested size: 354.12434pt x 199.06375pt.

Underfull \vbox (badness 10000) has occurred while \output is active []


Overfull \hbox (11.74997pt too wide) has occurred while \output is active
\T1/lmr/m/n/12 14 []
 []

[14 <./Figures_Web/Deaths-NY-TX-GA-Sweden-Federalist.jpeg>]
<Figures_R/fig-log-scale-initial-1.pdf, id=300, 572.1375pt x 277.035pt>
File: Figures_R/fig-log-scale-initial-1.pdf Graphic file (type pdf)
<use Figures_R/fig-log-scale-initial-1.pdf>
Package pdftex.def Info: Figures_R/fig-log-scale-initial-1.pdf  used on input line 318.
(pdftex.def)             Requested size: 442.65375pt x 214.34059pt.
<Figures_Web//ft-covid-19-deaths.png, id=302, 607.068pt x 341.5962pt>
File: Figures_Web//ft-covid-19-deaths.png Graphic file (type png)
<use Figures_Web//ft-covid-19-deaths.png>
Package pdftex.def Info: Figures_Web//ft-covid-19-deaths.png  used on input line 331.
(pdftex.def)             Requested size: 354.12434pt x 199.2622pt.

Underfull \vbox (badness 1259) has occurred while \output is active []


Overfull \hbox (11.74997pt too wide) has occurred while \output is active
[] \T1/lmr/m/n/12 15
 []

[15 <./Figures_R/fig-log-scale-initial-1.pdf>]
<Figures_R/fig-log-scale-failures-1.pdf, id=327, 568.1225pt x 270.00874pt>
File: Figures_R/fig-log-scale-failures-1.pdf Graphic file (type pdf)
<use Figures_R/fig-log-scale-failures-1.pdf>
Package pdftex.def Info: Figures_R/fig-log-scale-failures-1.pdf  used on input line 342.
(pdftex.def)             Requested size: 420.5197pt x 199.86513pt.
<Figures_Web//ft-reference-lines.jpeg, id=328, 903.375pt x 507.8975pt>
File: Figures_Web//ft-reference-lines.jpeg Graphic file (type jpg)
<use Figures_Web//ft-reference-lines.jpeg>
Package pdftex.def Info: Figures_Web//ft-reference-lines.jpeg  used on input line 355.
(pdftex.def)             Requested size: 354.12434pt x 199.10222pt.
<Figures_R/fig-linear-scales-ref-lines-1.pdf, id=332, 572.1375pt x 277.035pt>
File: Figures_R/fig-linear-scales-ref-lines-1.pdf Graphic file (type pdf)
<use Figures_R/fig-linear-scales-ref-lines-1.pdf>
Package pdftex.def Info: Figures_R/fig-linear-scales-ref-lines-1.pdf  used on input line 367.
(pdftex.def)             Requested size: 354.12434pt x 171.47247pt.

Overfull \hbox (11.74997pt too wide) has occurred while \output is active
\T1/lmr/m/n/12 16 []
 []

[16 <./Figures_Web//ft-covid-19-deaths.png>]
Overfull \hbox (11.74997pt too wide) has occurred while \output is active
[] \T1/lmr/m/n/12 17
 []

[17 <./Figures_R/fig-log-scale-failures-1.pdf> <./Figures_Web//ft-reference-lines.jpeg>]
Overfull \hbox (11.74997pt too wide) has occurred while \output is active
\T1/lmr/m/n/12 18 []
 []

[18 <./Figures_R/fig-linear-scales-ref-lines-1.pdf>]
Overfull \hbox (11.74997pt too wide) has occurred while \output is active
[] \T1/lmr/m/n/12 19
 []

[19] (./JDSSV_manuscript_submitted.bbl
Overfull \hbox (11.74997pt too wide) has occurred while \output is active
\T1/lmr/m/n/12 20 []
 []

[20]
Underfull \hbox (badness 1527) in paragraph at lines 92--99
[]\T1/lmr/m/n/12 Lawrence, M. and O'Connor, M. (1992).  Ex-plor-ing judge-men-tal fore-cast-ing.
 []


Underfull \hbox (badness 5533) in paragraph at lines 92--99
\T1/lmr/m/it/12 In-ter-na-tional Jour-nal of Fore-cast-ing\T1/lmr/m/n/12 , 8(1):15--26, ISSN: \T1/lmtt/m/n/12 0169-2070\T1/lmr/m/n/12 , DOI:
 []


Underfull \hbox (badness 10000) in paragraph at lines 92--99
[][]\T1/lmtt/m/n/12 10.1016/0169-2070(92)90004-S[][]\T1/lmr/m/n/12 , [][]$\T1/lmtt/m/n/12 http : / / www . sciencedirect . com / science /
 []


Underfull \hbox (badness 3088) in paragraph at lines 142--149
[]\T1/lmr/m/n/12 Otava, M. and My-lona, K. (2020).  Com-mu-ni-cat-ing sta-tis-ti-cal con-clu-sions
 []


Underfull \hbox (badness 2547) in paragraph at lines 142--149
\T1/lmr/m/n/12 of ex-per-i-ments to sci-en-tists.  \T1/lmr/m/it/12 Qual-ity and Re-li-a-bil-ity En-gi-neer-ing In-ter-na-
 []


Underfull \hbox (badness 1122) in paragraph at lines 142--149
\T1/lmr/m/it/12 tional\T1/lmr/m/n/12 , 36(8):2688--2698, DOI: [][]\T1/lmtt/m/n/12 https://doi.org/10.1002/qre.2697[][]\T1/lmr/m/n/12 , [][]$\T1/lmtt/m/n/12 https : / /
 []


Underfull \hbox (badness 5288) in paragraph at lines 151--156
[]\T1/lmr/m/n/12 Reuters Staff (2020).  Fact check: Mask man-dates are not caus-ing a
 []


Overfull \hbox (11.74997pt too wide) has occurred while \output is active
[] \T1/lmr/m/n/12 21
 []

[21]
Overfull \hbox (11.74997pt too wide) has occurred while \output is active
\T1/lmr/m/n/12 22 []
 []

[22]
Underfull \hbox (badness 6001) in paragraph at lines 260--265
[]\T1/lmr/m/n/12 Weiss, Y. (2020).  These 12 Graphs Show Mask Man-dates Do Noth-
 []


Underfull \hbox (badness 10000) in paragraph at lines 260--265
\T1/lmr/m/n/12 ing To Stop COVID.  [][]$\T1/lmtt/m/n/12 https : / / thefederalist . com / 2020 / 10 / 29 /
 []

)
LaTeX Font Info:    Trying to load font information for T1+pzc on input line 462.
 (/Users/awilhelm/Library/TinyTeX/texmf-dist/tex/latex/psnfss/t1pzc.fd
File: t1pzc.fd 2020/03/25 font definitions for T1/pzc.
)
LaTeX Font Info:    Font shape `T1/pzc/m/n' in size <13> not available
(Font)              Font shape `T1/pzc/m/it' tried instead on input line 462.

! Font T1/pzc/m/n/13=pzcmi8t at 13.0pt not loadable: Metric (TFM) file not found.
<to be read again> 
                   relax 
l.462 \end{document}
                    
I wasn't able to read the size data for this font,
so I will ignore the font specification.
[Wizards can fix TFM files using TFtoPL/PLtoTF.]
You might try inserting a different font spec;
e.g., type `I\font<same font id>=<substitute font name>'.

! Font \T1/pzc/m/it/13=nullfont not loadable: Metric (TFM) file not found.
<to be read again> 
                   \relax 
l.462 \end{document}
                    
I wasn't able to read the size data for this font,
so I will ignore the font specification.
[Wizards can fix TFM files using TFtoPL/PLtoTF.]
You might try inserting a different font spec;
e.g., type `I\font<same font id>=<substitute font name>'.

Missing character: There is no J in font nullfont!
Missing character: There is no o in font nullfont!
Missing character: There is no u in font nullfont!
Missing character: There is no r in font nullfont!
Missing character: There is no n in font nullfont!
Missing character: There is no a in font nullfont!
Missing character: There is no l in font nullfont!
Missing character: There is no o in font nullfont!
Missing character: There is no f in font nullfont!
Missing character: There is no D in font nullfont!
Missing character: There is no a in font nullfont!
Missing character: There is no t in font nullfont!
Missing character: There is no a in font nullfont!
Missing character: There is no S in font nullfont!
Missing character: There is no c in font nullfont!
Missing character: There is no i in font nullfont!
Missing character: There is no e in font nullfont!
Missing character: There is no n in font nullfont!
Missing character: There is no c in font nullfont!
Missing character: There is no e in font nullfont!
Missing character: There is no , in font nullfont!
Missing character: There is no S in font nullfont!
Missing character: There is no t in font nullfont!
Missing character: There is no a in font nullfont!
Missing character: There is no t in font nullfont!
Missing character: There is no i in font nullfont!
Missing character: There is no s in font nullfont!
Missing character: There is no t in font nullfont!
Missing character: There is no i in font nullfont!
Missing character: There is no c in font nullfont!
Missing character: There is no s in font nullfont!
Missing character: There is no , in font nullfont!
Missing character: There is no a in font nullfont!
Missing character: There is no n in font nullfont!
Missing character: There is no d in font nullfont!
Missing character: There is no V in font nullfont!
Missing character: There is no i in font nullfont!
Missing character: There is no s in font nullfont!
Missing character: There is no u in font nullfont!
Missing character: There is no a in font nullfont!
Missing character: There is no l in font nullfont!
Missing character: There is no i in font nullfont!
Missing character: There is no s in font nullfont!
Missing character: There is no a in font nullfont!
Missing character: There is no t in font nullfont!
Missing character: There is no i in font nullfont!
Missing character: There is no o in font nullfont!
Missing character: There is no n in font nullfont!

Overfull \hbox (11.74997pt too wide) has occurred while \output is active
[] \T1/lmr/m/n/12 23
 []

[23] (./JDSSV_manuscript_submitted.aux)
Package rerunfilecheck Info: File `JDSSV_manuscript_submitted.out' has not changed.
(rerunfilecheck)             Checksum: 2573680B73195CF9947E840D44C8437A;1017.
 ) 
Here is how much of TeX's memory you used:
 24158 strings out of 480313
 469635 string characters out of 5896367
 721576 words of memory out of 5000000
 41502 multiletter control sequences out of 15000+600000
 500331 words of font info for 85 fonts, out of 8000000 for 9000
 14 hyphenation exceptions out of 8191
 99i,9n,131p,2088b,559s stack positions out of 5000i,500n,10000p,200000b,80000s
{/Users/awilhelm/Library/TinyTeX/texmf-dist/fonts/enc/dvips/lm/lm-rm.enc}{/Users/awilhelm/Library/TinyTeX/texmf-dist/fonts/enc/dvips/lm/lm-mathit.enc}{/Users/awilhelm/Library/TinyTeX/texmf-dist/fonts/enc/dvips/lm/lm-ec.enc}</Users/awilhelm/Library/TinyTeX/texmf-dist/fonts/type1/public/lm/lmbx10.pfb></Users/awilhelm/Library/TinyTeX/texmf-dist/fonts/type1/public/lm/lmbx12.pfb></Users/awilhelm/Library/TinyTeX/texmf-dist/fonts/type1/public/lm/lmmi12.pfb></Users/awilhelm/Library/TinyTeX/texmf-dist/fonts/type1/public/lm/lmmi8.pfb></Users/awilhelm/Library/TinyTeX/texmf-dist/fonts/type1/public/lm/lmr10.pfb></Users/awilhelm/Library/TinyTeX/texmf-dist/fonts/type1/public/lm/lmr12.pfb></Users/awilhelm/Library/TinyTeX/texmf-dist/fonts/type1/public/lm/lmr7.pfb></Users/awilhelm/Library/TinyTeX/texmf-dist/fonts/type1/public/lm/lmr8.pfb></Users/awilhelm/Library/TinyTeX/texmf-dist/fonts/type1/public/lm/lmri10.pfb></Users/awilhelm/Library/TinyTeX/texmf-dist/fonts/type1/public/lm/lmri12.pfb></Users/awilhelm/Library/TinyTeX/texmf-dist/fonts/type1/public/lm/lmro12.pfb></Users/awilhelm/Library/TinyTeX/texmf-dist/fonts/type1/public/lm/lmss12.pfb></Users/awilhelm/Library/TinyTeX/texmf-dist/fonts/type1/public/lm/lmtt10.pfb></Users/awilhelm/Library/TinyTeX/texmf-dist/fonts/type1/public/lm/lmtt12.pfb>
Output written on JDSSV_manuscript_submitted.pdf (23 pages, 5930232 bytes).
PDF statistics:
 566 PDF objects out of 1000 (max. 8388607)
 454 compressed objects within 5 object streams
 93 named destinations out of 1000 (max. 500000)
 181 words of extra memory for PDF output out of 10000 (max. 10000000)

